<?xml version="1.0" encoding="UTF-8"?>
<!-- Generated by org.testng.reporters.JUnitReportReporter -->
<testsuite hostname="DESKTOP-70O5IEP" failures="0" tests="1" name="testpackage.TestActiTimeValidLogin" time="2.176" errors="0" timestamp="2022-09-02T23:30:23 IST" skipped="0">
  <testcase classname="testpackage.TestActiTimeValidLogin" name="validLogin" time="2.176"/>
  <system-out/>
</testsuite> <!-- testpackage.TestActiTimeValidLogin -->
