<?xml version="1.0" encoding="UTF-8"?>
<!-- Generated by org.testng.reporters.JUnitReportReporter -->
<testsuite hostname="DESKTOP-70O5IEP" failures="0" tests="1" name="testpackage.TestActiTimeLogout" time="6.137" errors="0" timestamp="2022-09-02T23:29:21 IST" skipped="0">
  <testcase classname="testpackage.TestActiTimeLogout" name="testActiTimeLogout" time="6.137"/>
  <system-out/>
</testsuite> <!-- testpackage.TestActiTimeLogout -->
