<?xml version="1.0" encoding="UTF-8"?>
<!-- Generated by org.testng.reporters.JUnitReportReporter -->
<testsuite hostname="DESKTOP-70O5IEP" failures="0" tests="2" name="practice.HardAssert" time="0.016" errors="0" timestamp="2022-10-13T12:00:01 IST" skipped="0">
  <testcase classname="practice.HardAssert" name="createCustomerTest" time="0.014"/>
  <system-out/>
  <testcase classname="practice.HardAssert" name="modifyCustomerTest" time="0.002"/>
  <system-out/>
</testsuite> <!-- practice.HardAssert -->
