<?xml version="1.0" encoding="UTF-8"?>
<!-- Generated by org.testng.reporters.JUnitReportReporter -->
<testsuite hostname="DESKTOP-70O5IEP" failures="0" tests="1" name="practice.RunParameter" time="2.608" errors="0" timestamp="2022-10-11T11:18:23 IST" skipped="0">
  <testcase classname="practice.RunParameter" name="method" time="2.608"/>
  <system-out/>
</testsuite> <!-- practice.RunParameter -->
