<?xml version="1.0" encoding="UTF-8"?>
<!-- Generated by org.testng.reporters.JUnitReportReporter -->
<testsuite hostname="DESKTOP-70O5IEP" failures="0" tests="2" name="practice.SoftAsser" time="0.032" errors="0" timestamp="2022-10-07T11:33:59 IST" skipped="0">
  <testcase classname="practice.SoftAsser" name="createCustomerTest" time="0.029"/>
  <system-out/>
  <testcase classname="practice.SoftAsser" name="modifyCustomerTest" time="0.003"/>
  <system-out/>
</testsuite> <!-- practice.SoftAsser -->
