<?xml version="1.0" encoding="UTF-8"?>
<!-- Generated by org.testng.reporters.JUnitReportReporter -->
<testsuite hostname="DESKTOP-70O5IEP" failures="0" tests="1" name="com.crm.Campaign.CreateCampignWithProductTest" time="72.951" errors="0" timestamp="2022-10-11T12:33:39 IST" skipped="0">
  <testcase classname="com.crm.Campaign.CreateCampignWithProductTest" name="CreateCampignWithProductTest" time="72.951"/>
  <system-out/>
</testsuite> <!-- com.crm.Campaign.CreateCampignWithProductTest -->
